<?xml version="1.0" encoding="UTF-8"?>
<robot generator="Robot 6.1.1 (Python 3.12.0 on win32)" generated="20231129 21:28:10.434" rpa="false" schemaversion="4">
<suite id="s1" name="Dummy Website Automation" source="E:\Trainings\PythonSelenium4Sept2023\RobotFrameworkPractice\dummy_website_automation.robot">
<kw name="Open Browser" library="SeleniumLibrary" type="SETUP">
<arg>${url}</arg>
<arg>${browser}</arg>
<doc>Opens a new browser instance to the optional ``url``.</doc>
<msg timestamp="20231129 21:28:10.912" level="INFO">Opening browser 'chrome' to base url 'https://www.google.co.in'.</msg>
<status status="PASS" starttime="20231129 21:28:10.911" endtime="20231129 21:28:19.507"/>
</kw>
<test id="s1-t1" name="Launch and browser search on google" line="26">
<tag>robot:skip</tag>
<tag>Smoke</tag>
<status status="SKIP" starttime="20231129 21:28:19.507" endtime="20231129 21:28:19.509">Test skipped using 'robot:skip' tag.</status>
</test>
<test id="s1-t2" name="Automation dummy website" line="30">
<doc>we will automate dummy website</doc>
<tag>robot:skip</tag>
<tag>Sanity</tag>
<status status="SKIP" starttime="20231129 21:28:19.513" endtime="20231129 21:28:19.514">Test skipped using 'robot:skip' tag.</status>
</test>
<test id="s1-t3" name="Condition Code Test Cases" line="38">
<if>
<branch type="IF" condition="${var1} &gt; ${var2} and ${var1} &gt; ${var3}">
<kw name="Log" library="BuiltIn">
<arg>${var1} has great value</arg>
<doc>Logs the given message with the given level.</doc>
<msg timestamp="20231129 21:28:19.539" level="INFO">600 has great value</msg>
<status status="PASS" starttime="20231129 21:28:19.538" endtime="20231129 21:28:19.540"/>
</kw>
<status status="PASS" starttime="20231129 21:28:19.538" endtime="20231129 21:28:19.540"/>
</branch>
<branch type="ELSE IF" condition="${var2} &gt; ${var1} and ${var2} &gt; ${var3}">
<kw name="Log" library="BuiltIn">
<arg>${var2} has great value</arg>
<doc>Logs the given message with the given level.</doc>
<status status="NOT RUN" starttime="20231129 21:28:19.542" endtime="20231129 21:28:19.542"/>
</kw>
<status status="NOT RUN" starttime="20231129 21:28:19.540" endtime="20231129 21:28:19.542"/>
</branch>
<branch type="ELSE IF" condition="${var3} &gt; ${var1} and ${var3} &gt; ${var2}">
<kw name="Log" library="BuiltIn">
<arg>${var3} has great value</arg>
<doc>Logs the given message with the given level.</doc>
<status status="NOT RUN" starttime="20231129 21:28:19.542" endtime="20231129 21:28:19.542"/>
</kw>
<status status="NOT RUN" starttime="20231129 21:28:19.542" endtime="20231129 21:28:19.542"/>
</branch>
<status status="PASS" starttime="20231129 21:28:19.537" endtime="20231129 21:28:19.542"/>
</if>
<tag>condition</tag>
<status status="PASS" starttime="20231129 21:28:19.532" endtime="20231129 21:28:19.543"/>
</test>
<test id="s1-t4" name="Looping Condition Test Case" line="48">
<for flavor="IN RANGE">
<var>${i}</var>
<value>10</value>
<iter>
<var name="${i}">0</var>
<kw name="Log" library="BuiltIn">
<arg>${i}</arg>
<doc>Logs the given message with the given level.</doc>
<msg timestamp="20231129 21:28:19.550" level="INFO">0</msg>
<status status="PASS" starttime="20231129 21:28:19.548" endtime="20231129 21:28:19.550"/>
</kw>
<status status="PASS" starttime="20231129 21:28:19.547" endtime="20231129 21:28:19.551"/>
</iter>
<iter>
<var name="${i}">1</var>
<kw name="Log" library="BuiltIn">
<arg>${i}</arg>
<doc>Logs the given message with the given level.</doc>
<msg timestamp="20231129 21:28:19.552" level="INFO">1</msg>
<status status="PASS" starttime="20231129 21:28:19.551" endtime="20231129 21:28:19.552"/>
</kw>
<status status="PASS" starttime="20231129 21:28:19.551" endtime="20231129 21:28:19.552"/>
</iter>
<iter>
<var name="${i}">2</var>
<kw name="Log" library="BuiltIn">
<arg>${i}</arg>
<doc>Logs the given message with the given level.</doc>
<msg timestamp="20231129 21:28:19.552" level="INFO">2</msg>
<status status="PASS" starttime="20231129 21:28:19.552" endtime="20231129 21:28:19.552"/>
</kw>
<status status="PASS" starttime="20231129 21:28:19.552" endtime="20231129 21:28:19.552"/>
</iter>
<iter>
<var name="${i}">3</var>
<kw name="Log" library="BuiltIn">
<arg>${i}</arg>
<doc>Logs the given message with the given level.</doc>
<msg timestamp="20231129 21:28:19.553" level="INFO">3</msg>
<status status="PASS" starttime="20231129 21:28:19.553" endtime="20231129 21:28:19.553"/>
</kw>
<status status="PASS" starttime="20231129 21:28:19.553" endtime="20231129 21:28:19.553"/>
</iter>
<iter>
<var name="${i}">4</var>
<kw name="Log" library="BuiltIn">
<arg>${i}</arg>
<doc>Logs the given message with the given level.</doc>
<msg timestamp="20231129 21:28:19.555" level="INFO">4</msg>
<status status="PASS" starttime="20231129 21:28:19.554" endtime="20231129 21:28:19.555"/>
</kw>
<status status="PASS" starttime="20231129 21:28:19.554" endtime="20231129 21:28:19.555"/>
</iter>
<iter>
<var name="${i}">5</var>
<kw name="Log" library="BuiltIn">
<arg>${i}</arg>
<doc>Logs the given message with the given level.</doc>
<msg timestamp="20231129 21:28:19.557" level="INFO">5</msg>
<status status="PASS" starttime="20231129 21:28:19.557" endtime="20231129 21:28:19.557"/>
</kw>
<status status="PASS" starttime="20231129 21:28:19.556" endtime="20231129 21:28:19.557"/>
</iter>
<iter>
<var name="${i}">6</var>
<kw name="Log" library="BuiltIn">
<arg>${i}</arg>
<doc>Logs the given message with the given level.</doc>
<msg timestamp="20231129 21:28:19.559" level="INFO">6</msg>
<status status="PASS" starttime="20231129 21:28:19.558" endtime="20231129 21:28:19.559"/>
</kw>
<status status="PASS" starttime="20231129 21:28:19.558" endtime="20231129 21:28:19.559"/>
</iter>
<iter>
<var name="${i}">7</var>
<kw name="Log" library="BuiltIn">
<arg>${i}</arg>
<doc>Logs the given message with the given level.</doc>
<msg timestamp="20231129 21:28:19.559" level="INFO">7</msg>
<status status="PASS" starttime="20231129 21:28:19.559" endtime="20231129 21:28:19.559"/>
</kw>
<status status="PASS" starttime="20231129 21:28:19.559" endtime="20231129 21:28:19.559"/>
</iter>
<iter>
<var name="${i}">8</var>
<kw name="Log" library="BuiltIn">
<arg>${i}</arg>
<doc>Logs the given message with the given level.</doc>
<msg timestamp="20231129 21:28:19.560" level="INFO">8</msg>
<status status="PASS" starttime="20231129 21:28:19.560" endtime="20231129 21:28:19.560"/>
</kw>
<status status="PASS" starttime="20231129 21:28:19.560" endtime="20231129 21:28:19.560"/>
</iter>
<iter>
<var name="${i}">9</var>
<kw name="Log" library="BuiltIn">
<arg>${i}</arg>
<doc>Logs the given message with the given level.</doc>
<msg timestamp="20231129 21:28:19.561" level="INFO">9</msg>
<status status="PASS" starttime="20231129 21:28:19.561" endtime="20231129 21:28:19.561"/>
</kw>
<status status="PASS" starttime="20231129 21:28:19.560" endtime="20231129 21:28:19.561"/>
</iter>
<status status="PASS" starttime="20231129 21:28:19.547" endtime="20231129 21:28:19.561"/>
</for>
<for flavor="IN">
<var>${city}</var>
<value>@{cities}</value>
<iter>
<var name="${city}">Mumbai</var>
<kw name="Log" library="BuiltIn">
<arg>${city}</arg>
<doc>Logs the given message with the given level.</doc>
<msg timestamp="20231129 21:28:19.563" level="INFO">Mumbai</msg>
<status status="PASS" starttime="20231129 21:28:19.563" endtime="20231129 21:28:19.564"/>
</kw>
<status status="PASS" starttime="20231129 21:28:19.563" endtime="20231129 21:28:19.564"/>
</iter>
<iter>
<var name="${city}">Bangalore</var>
<kw name="Log" library="BuiltIn">
<arg>${city}</arg>
<doc>Logs the given message with the given level.</doc>
<msg timestamp="20231129 21:28:19.565" level="INFO">Bangalore</msg>
<status status="PASS" starttime="20231129 21:28:19.564" endtime="20231129 21:28:19.565"/>
</kw>
<status status="PASS" starttime="20231129 21:28:19.564" endtime="20231129 21:28:19.565"/>
</iter>
<iter>
<var name="${city}">Hyderbad</var>
<kw name="Log" library="BuiltIn">
<arg>${city}</arg>
<doc>Logs the given message with the given level.</doc>
<msg timestamp="20231129 21:28:19.567" level="INFO">Hyderbad</msg>
<status status="PASS" starttime="20231129 21:28:19.566" endtime="20231129 21:28:19.569"/>
</kw>
<status status="PASS" starttime="20231129 21:28:19.566" endtime="20231129 21:28:19.569"/>
</iter>
<iter>
<var name="${city}">Kolkata</var>
<kw name="Log" library="BuiltIn">
<arg>${city}</arg>
<doc>Logs the given message with the given level.</doc>
<msg timestamp="20231129 21:28:19.571" level="INFO">Kolkata</msg>
<status status="PASS" starttime="20231129 21:28:19.570" endtime="20231129 21:28:19.571"/>
</kw>
<status status="PASS" starttime="20231129 21:28:19.569" endtime="20231129 21:28:19.571"/>
</iter>
<status status="PASS" starttime="20231129 21:28:19.562" endtime="20231129 21:28:19.571"/>
</for>
<kw name="Log" library="BuiltIn">
<arg>${DICT}</arg>
<doc>Logs the given message with the given level.</doc>
<msg timestamp="20231129 21:28:19.573" level="INFO">{'first': 'This value is pretty long.', 'second': 'This value is even longer. It has two sentences.'}</msg>
<status status="PASS" starttime="20231129 21:28:19.573" endtime="20231129 21:28:19.573"/>
</kw>
<kw name="Log" library="BuiltIn">
<arg>${DICT['second']}</arg>
<doc>Logs the given message with the given level.</doc>
<msg timestamp="20231129 21:28:19.576" level="INFO">This value is even longer. It has two sentences.</msg>
<status status="PASS" starttime="20231129 21:28:19.574" endtime="20231129 21:28:19.576"/>
</kw>
<kw name="Log" library="BuiltIn">
<arg>${cities[0]}</arg>
<doc>Logs the given message with the given level.</doc>
<msg timestamp="20231129 21:28:19.580" level="INFO">Mumbai</msg>
<status status="PASS" starttime="20231129 21:28:19.577" endtime="20231129 21:28:19.580"/>
</kw>
<status status="PASS" starttime="20231129 21:28:19.545" endtime="20231129 21:28:19.581"/>
</test>
<kw name="Close Browser" library="SeleniumLibrary" type="TEARDOWN">
<doc>Closes the current browser.</doc>
<status status="PASS" starttime="20231129 21:28:19.584" endtime="20231129 21:28:21.865"/>
</kw>
<status status="PASS" starttime="20231129 21:28:10.439" endtime="20231129 21:28:21.866"/>
</suite>
<statistics>
<total>
<stat pass="2" fail="0" skip="2">All Tests</stat>
</total>
<tag>
<stat pass="1" fail="0" skip="0">condition</stat>
<stat pass="0" fail="0" skip="1">Sanity</stat>
<stat pass="0" fail="0" skip="1">Smoke</stat>
</tag>
<suite>
<stat pass="2" fail="0" skip="2" id="s1" name="Dummy Website Automation">Dummy Website Automation</stat>
</suite>
</statistics>
<errors>
</errors>
</robot>
